{
  "/home/matthew/dev/reveal-ce/index.js": {
    "path": "/home/matthew/dev/reveal-ce/index.js",
    "all": false,
    "statementMap": {
      "0": {"start": {"line": 1, "column": 0}, "end": {"line": 1, "column": 3}},
      "1": {"start": {"line": 2, "column": 0}, "end": {"line": 2, "column": 71}},
      "2": {"start": {"line": 3, "column": 0}, "end": {"line": 3, "column": 60}},
      "3": {"start": {"line": 4, "column": 0}, "end": {"line": 4, "column": 55}},
      "4": {"start": {"line": 5, "column": 0}, "end": {"line": 5, "column": 44}},
      "5": {"start": {"line": 6, "column": 0}, "end": {"line": 6, "column": 3}},
      "6": {"start": {"line": 7, "column": 0}, "end": {"line": 7, "column": 42}},
      "7": {"start": {"line": 8, "column": 0}, "end": {"line": 8, "column": 66}},
      "8": {"start": {"line": 9, "column": 0}, "end": {"line": 9, "column": 27}},
      "9": {"start": {"line": 10, "column": 0}, "end": {"line": 10, "column": 5}},
      "10": {"start": {"line": 11, "column": 0}, "end": {"line": 11, "column": 86}},
      "11": {"start": {"line": 12, "column": 0}, "end": {"line": 12, "column": 25}},
      "12": {"start": {"line": 13, "column": 0}, "end": {"line": 13, "column": 5}},
      "13": {"start": {"line": 14, "column": 0}, "end": {"line": 14, "column": 42}},
      "14": {"start": {"line": 15, "column": 0}, "end": {"line": 15, "column": 57}},
      "15": {"start": {"line": 16, "column": 0}, "end": {"line": 16, "column": 47}},
      "16": {"start": {"line": 17, "column": 0}, "end": {"line": 17, "column": 62}},
      "17": {"start": {"line": 18, "column": 0}, "end": {"line": 18, "column": 47}},
      "18": {"start": {"line": 19, "column": 0}, "end": {"line": 19, "column": 21}},
      "19": {"start": {"line": 20, "column": 0}, "end": {"line": 20, "column": 89}},
      "20": {"start": {"line": 21, "column": 0}, "end": {"line": 21, "column": 5}},
      "21": {"start": {"line": 22, "column": 0}, "end": {"line": 22, "column": 33}},
      "22": {"start": {"line": 23, "column": 0}, "end": {"line": 23, "column": 1}},
      "24": {"start": {"line": 25, "column": 0}, "end": {"line": 25, "column": 3}},
      "25": {"start": {"line": 26, "column": 0}, "end": {"line": 26, "column": 90}},
      "26": {"start": {"line": 27, "column": 0}, "end": {"line": 27, "column": 69}},
      "27": {"start": {"line": 28, "column": 0}, "end": {"line": 28, "column": 68}},
      "28": {"start": {"line": 29, "column": 0}, "end": {"line": 29, "column": 59}},
      "29": {"start": {"line": 30, "column": 0}, "end": {"line": 30, "column": 68}},
      "30": {"start": {"line": 31, "column": 0}, "end": {"line": 31, "column": 3}},
      "31": {"start": {"line": 32, "column": 0}, "end": {"line": 32, "column": 49}},
      "32": {"start": {"line": 33, "column": 0}, "end": {"line": 33, "column": 55}},
      "33": {"start": {"line": 34, "column": 0}, "end": {"line": 34, "column": 50}},
      "34": {"start": {"line": 35, "column": 0}, "end": {"line": 35, "column": 22}},
      "35": {"start": {"line": 36, "column": 0}, "end": {"line": 36, "column": 29}},
      "36": {"start": {"line": 37, "column": 0}, "end": {"line": 37, "column": 28}},
      "37": {"start": {"line": 38, "column": 0}, "end": {"line": 38, "column": 21}},
      "39": {"start": {"line": 40, "column": 0}, "end": {"line": 40, "column": 31}},
      "40": {"start": {"line": 41, "column": 0}, "end": {"line": 41, "column": 46}},
      "41": {"start": {"line": 42, "column": 0}, "end": {"line": 42, "column": 20}},
      "42": {"start": {"line": 43, "column": 0}, "end": {"line": 43, "column": 39}},
      "43": {"start": {"line": 44, "column": 0}, "end": {"line": 44, "column": 21}},
      "44": {"start": {"line": 45, "column": 0}, "end": {"line": 45, "column": 9}},
      "45": {"start": {"line": 46, "column": 0}, "end": {"line": 46, "column": 34}},
      "46": {"start": {"line": 47, "column": 0}, "end": {"line": 47, "column": 31}},
      "47": {"start": {"line": 48, "column": 0}, "end": {"line": 48, "column": 37}},
      "48": {"start": {"line": 49, "column": 0}, "end": {"line": 49, "column": 32}},
      "49": {"start": {"line": 50, "column": 0}, "end": {"line": 50, "column": 9}},
      "51": {"start": {"line": 52, "column": 0}, "end": {"line": 52, "column": 26}},
      "52": {"start": {"line": 53, "column": 0}, "end": {"line": 53, "column": 60}},
      "53": {"start": {"line": 54, "column": 0}, "end": {"line": 54, "column": 49}},
      "54": {"start": {"line": 55, "column": 0}, "end": {"line": 55, "column": 54}},
      "55": {"start": {"line": 56, "column": 0}, "end": {"line": 56, "column": 9}},
      "56": {"start": {"line": 57, "column": 0}, "end": {"line": 57, "column": 5}},
      "58": {"start": {"line": 59, "column": 0}, "end": {"line": 59, "column": 77}},
      "59": {"start": {"line": 60, "column": 0}, "end": {"line": 60, "column": 55}},
      "60": {"start": {"line": 61, "column": 0}, "end": {"line": 61, "column": 51}},
      "61": {"start": {"line": 62, "column": 0}, "end": {"line": 62, "column": 37}},
      "62": {"start": {"line": 63, "column": 0}, "end": {"line": 63, "column": 58}},
      "63": {"start": {"line": 64, "column": 0}, "end": {"line": 64, "column": 6}},
      "64": {"start": {"line": 65, "column": 0}, "end": {"line": 65, "column": 53}},
      "65": {"start": {"line": 66, "column": 0}, "end": {"line": 66, "column": 57}},
      "66": {"start": {"line": 67, "column": 0}, "end": {"line": 67, "column": 43}},
      "67": {"start": {"line": 68, "column": 0}, "end": {"line": 68, "column": 64}},
      "68": {"start": {"line": 69, "column": 0}, "end": {"line": 69, "column": 6}},
      "70": {"start": {"line": 71, "column": 0}, "end": {"line": 71, "column": 12}},
      "71": {"start": {"line": 72, "column": 0}, "end": {"line": 72, "column": 17}},
      "72": {"start": {"line": 73, "column": 0}, "end": {"line": 73, "column": 17}},
      "73": {"start": {"line": 74, "column": 0}, "end": {"line": 74, "column": 16}},
      "74": {"start": {"line": 75, "column": 0}, "end": {"line": 75, "column": 36}},
      "75": {"start": {"line": 76, "column": 0}, "end": {"line": 76, "column": 58}},
      "76": {"start": {"line": 77, "column": 0}, "end": {"line": 77, "column": 6}},
      "77": {"start": {"line": 78, "column": 0}, "end": {"line": 78, "column": 1}},
      "79": {"start": {"line": 80, "column": 0}, "end": {"line": 80, "column": 3}},
      "80": {"start": {"line": 81, "column": 0}, "end": {"line": 81, "column": 82}},
      "81": {"start": {"line": 82, "column": 0}, "end": {"line": 82, "column": 68}},
      "82": {"start": {"line": 83, "column": 0}, "end": {"line": 83, "column": 81}},
      "83": {"start": {"line": 84, "column": 0}, "end": {"line": 84, "column": 98}},
      "84": {"start": {"line": 85, "column": 0}, "end": {"line": 85, "column": 54}},
      "85": {"start": {"line": 86, "column": 0}, "end": {"line": 86, "column": 45}},
      "86": {"start": {"line": 87, "column": 0}, "end": {"line": 87, "column": 75}},
      "87": {"start": {"line": 88, "column": 0}, "end": {"line": 88, "column": 3}},
      "88": {"start": {"line": 89, "column": 0}, "end": {"line": 89, "column": 89}},
      "89": {"start": {"line": 90, "column": 0}, "end": {"line": 90, "column": 21}},
      "90": {"start": {"line": 91, "column": 0}, "end": {"line": 91, "column": 9}},
      "91": {"start": {"line": 92, "column": 0}, "end": {"line": 92, "column": 30}},
      "92": {"start": {"line": 93, "column": 0}, "end": {"line": 93, "column": 40}},
      "93": {"start": {"line": 94, "column": 0}, "end": {"line": 94, "column": 29}},
      "94": {"start": {"line": 95, "column": 0}, "end": {"line": 95, "column": 22}},
      "95": {"start": {"line": 96, "column": 0}, "end": {"line": 96, "column": 31}},
      "96": {"start": {"line": 97, "column": 0}, "end": {"line": 97, "column": 69}},
      "97": {"start": {"line": 98, "column": 0}, "end": {"line": 98, "column": 50}},
      "98": {"start": {"line": 99, "column": 0}, "end": {"line": 99, "column": 31}},
      "99": {"start": {"line": 100, "column": 0}, "end": {"line": 100, "column": 14}},
      "100": {"start": {"line": 101, "column": 0}, "end": {"line": 101, "column": 10}},
      "101": {"start": {"line": 102, "column": 0}, "end": {"line": 102, "column": 9}},
      "102": {"start": {"line": 103, "column": 0}, "end": {"line": 103, "column": 30}},
      "103": {"start": {"line": 104, "column": 0}, "end": {"line": 104, "column": 38}},
      "104": {"start": {"line": 105, "column": 0}, "end": {"line": 105, "column": 29}},
      "105": {"start": {"line": 106, "column": 0}, "end": {"line": 106, "column": 26}},
      "106": {"start": {"line": 107, "column": 0}, "end": {"line": 107, "column": 26}},
      "107": {"start": {"line": 108, "column": 0}, "end": {"line": 108, "column": 38}},
      "108": {"start": {"line": 109, "column": 0}, "end": {"line": 109, "column": 37}},
      "109": {"start": {"line": 110, "column": 0}, "end": {"line": 110, "column": 46}},
      "110": {"start": {"line": 111, "column": 0}, "end": {"line": 111, "column": 33}},
      "111": {"start": {"line": 112, "column": 0}, "end": {"line": 112, "column": 51}},
      "112": {"start": {"line": 113, "column": 0}, "end": {"line": 113, "column": 18}},
      "113": {"start": {"line": 114, "column": 0}, "end": {"line": 114, "column": 26}},
      "114": {"start": {"line": 115, "column": 0}, "end": {"line": 115, "column": 86}},
      "115": {"start": {"line": 116, "column": 0}, "end": {"line": 116, "column": 72}},
      "116": {"start": {"line": 117, "column": 0}, "end": {"line": 117, "column": 58}},
      "117": {"start": {"line": 118, "column": 0}, "end": {"line": 118, "column": 77}},
      "118": {"start": {"line": 119, "column": 0}, "end": {"line": 119, "column": 17}},
      "119": {"start": {"line": 120, "column": 0}, "end": {"line": 120, "column": 36}},
      "120": {"start": {"line": 121, "column": 0}, "end": {"line": 121, "column": 31}},
      "121": {"start": {"line": 122, "column": 0}, "end": {"line": 122, "column": 35}},
      "122": {"start": {"line": 123, "column": 0}, "end": {"line": 123, "column": 52}},
      "123": {"start": {"line": 124, "column": 0}, "end": {"line": 124, "column": 14}},
      "124": {"start": {"line": 125, "column": 0}, "end": {"line": 125, "column": 10}},
      "125": {"start": {"line": 126, "column": 0}, "end": {"line": 126, "column": 6}},
      "127": {"start": {"line": 128, "column": 0}, "end": {"line": 128, "column": 17}},
      "128": {"start": {"line": 129, "column": 0}, "end": {"line": 129, "column": 19}},
      "129": {"start": {"line": 130, "column": 0}, "end": {"line": 130, "column": 51}},
      "130": {"start": {"line": 131, "column": 0}, "end": {"line": 131, "column": 6}},
      "132": {"start": {"line": 133, "column": 0}, "end": {"line": 133, "column": 51}},
      "133": {"start": {"line": 134, "column": 0}, "end": {"line": 134, "column": 1}},
      "135": {"start": {"line": 136, "column": 0}, "end": {"line": 136, "column": 3}},
      "136": {"start": {"line": 137, "column": 0}, "end": {"line": 137, "column": 66}},
      "137": {"start": {"line": 138, "column": 0}, "end": {"line": 138, "column": 54}},
      "138": {"start": {"line": 139, "column": 0}, "end": {"line": 139, "column": 64}},
      "139": {"start": {"line": 140, "column": 0}, "end": {"line": 140, "column": 3}},
      "140": {"start": {"line": 141, "column": 0}, "end": {"line": 141, "column": 40}},
      "141": {"start": {"line": 142, "column": 0}, "end": {"line": 142, "column": 27}},
      "142": {"start": {"line": 143, "column": 0}, "end": {"line": 143, "column": 56}},
      "143": {"start": {"line": 144, "column": 0}, "end": {"line": 144, "column": 26}},
      "144": {"start": {"line": 145, "column": 0}, "end": {"line": 145, "column": 29}},
      "145": {"start": {"line": 146, "column": 0}, "end": {"line": 146, "column": 31}},
      "146": {"start": {"line": 147, "column": 0}, "end": {"line": 147, "column": 31}},
      "147": {"start": {"line": 148, "column": 0}, "end": {"line": 148, "column": 32}},
      "148": {"start": {"line": 149, "column": 0}, "end": {"line": 149, "column": 38}},
      "149": {"start": {"line": 150, "column": 0}, "end": {"line": 150, "column": 51}},
      "150": {"start": {"line": 151, "column": 0}, "end": {"line": 151, "column": 26}},
      "151": {"start": {"line": 152, "column": 0}, "end": {"line": 152, "column": 32}},
      "152": {"start": {"line": 153, "column": 0}, "end": {"line": 153, "column": 21}},
      "153": {"start": {"line": 154, "column": 0}, "end": {"line": 154, "column": 6}},
      "155": {"start": {"line": 156, "column": 0}, "end": {"line": 156, "column": 38}},
      "156": {"start": {"line": 157, "column": 0}, "end": {"line": 157, "column": 62}},
      "157": {"start": {"line": 158, "column": 0}, "end": {"line": 158, "column": 1}},
      "159": {"start": {"line": 160, "column": 0}, "end": {"line": 160, "column": 3}},
      "160": {"start": {"line": 161, "column": 0}, "end": {"line": 161, "column": 48}},
      "161": {"start": {"line": 162, "column": 0}, "end": {"line": 162, "column": 69}},
      "162": {"start": {"line": 163, "column": 0}, "end": {"line": 163, "column": 51}},
      "163": {"start": {"line": 164, "column": 0}, "end": {"line": 164, "column": 68}},
      "164": {"start": {"line": 165, "column": 0}, "end": {"line": 165, "column": 3}},
      "165": {"start": {"line": 166, "column": 0}, "end": {"line": 166, "column": 67}},
      "166": {"start": {"line": 167, "column": 0}, "end": {"line": 167, "column": 118}},
      "167": {"start": {"line": 168, "column": 0}, "end": {"line": 168, "column": 64}},
      "168": {"start": {"line": 169, "column": 0}, "end": {"line": 169, "column": 44}},
      "169": {"start": {"line": 170, "column": 0}, "end": {"line": 170, "column": 26}},
      "170": {"start": {"line": 171, "column": 0}, "end": {"line": 171, "column": 70}},
      "171": {"start": {"line": 172, "column": 0}, "end": {"line": 172, "column": 9}},
      "172": {"start": {"line": 173, "column": 0}, "end": {"line": 173, "column": 6}},
      "173": {"start": {"line": 174, "column": 0}, "end": {"line": 174, "column": 1}},
      "175": {"start": {"line": 176, "column": 0}, "end": {"line": 176, "column": 3}},
      "176": {"start": {"line": 177, "column": 0}, "end": {"line": 177, "column": 46}},
      "177": {"start": {"line": 178, "column": 0}, "end": {"line": 178, "column": 2}},
      "178": {"start": {"line": 179, "column": 0}, "end": {"line": 179, "column": 33}},
      "179": {"start": {"line": 180, "column": 0}, "end": {"line": 180, "column": 74}},
      "180": {"start": {"line": 181, "column": 0}, "end": {"line": 181, "column": 63}},
      "181": {"start": {"line": 182, "column": 0}, "end": {"line": 182, "column": 47}},
      "182": {"start": {"line": 183, "column": 0}, "end": {"line": 183, "column": 46}},
      "183": {"start": {"line": 184, "column": 0}, "end": {"line": 184, "column": 45}},
      "184": {"start": {"line": 185, "column": 0}, "end": {"line": 185, "column": 3}},
      "186": {"start": {"line": 187, "column": 0}, "end": {"line": 187, "column": 3}},
      "187": {"start": {"line": 188, "column": 0}, "end": {"line": 188, "column": 35}},
      "188": {"start": {"line": 189, "column": 0}, "end": {"line": 189, "column": 2}},
      "189": {"start": {"line": 190, "column": 0}, "end": {"line": 190, "column": 36}},
      "190": {"start": {"line": 191, "column": 0}, "end": {"line": 191, "column": 77}},
      "191": {"start": {"line": 192, "column": 0}, "end": {"line": 192, "column": 73}},
      "192": {"start": {"line": 193, "column": 0}, "end": {"line": 193, "column": 3}},
      "194": {"start": {"line": 195, "column": 0}, "end": {"line": 195, "column": 3}},
      "195": {"start": {"line": 196, "column": 0}, "end": {"line": 196, "column": 41}},
      "196": {"start": {"line": 197, "column": 0}, "end": {"line": 197, "column": 2}},
      "197": {"start": {"line": 198, "column": 0}, "end": {"line": 198, "column": 41}},
      "198": {"start": {"line": 199, "column": 0}, "end": {"line": 199, "column": 48}},
      "199": {"start": {"line": 200, "column": 0}, "end": {"line": 200, "column": 3}},
      "201": {"start": {"line": 202, "column": 0}, "end": {"line": 202, "column": 3}},
      "202": {"start": {"line": 203, "column": 0}, "end": {"line": 203, "column": 48}},
      "203": {"start": {"line": 204, "column": 0}, "end": {"line": 204, "column": 2}},
      "204": {"start": {"line": 205, "column": 0}, "end": {"line": 205, "column": 52}},
      "205": {"start": {"line": 206, "column": 0}, "end": {"line": 206, "column": 43}},
      "206": {"start": {"line": 207, "column": 0}, "end": {"line": 207, "column": 46}},
      "207": {"start": {"line": 208, "column": 0}, "end": {"line": 208, "column": 55}},
      "208": {"start": {"line": 209, "column": 0}, "end": {"line": 209, "column": 53}},
      "209": {"start": {"line": 210, "column": 0}, "end": {"line": 210, "column": 3}},
      "211": {"start": {"line": 212, "column": 0}, "end": {"line": 212, "column": 3}},
      "212": {"start": {"line": 213, "column": 0}, "end": {"line": 213, "column": 45}},
      "213": {"start": {"line": 214, "column": 0}, "end": {"line": 214, "column": 2}},
      "214": {"start": {"line": 215, "column": 0}, "end": {"line": 215, "column": 50}},
      "215": {"start": {"line": 216, "column": 0}, "end": {"line": 216, "column": 54}},
      "216": {"start": {"line": 217, "column": 0}, "end": {"line": 217, "column": 54}},
      "217": {"start": {"line": 218, "column": 0}, "end": {"line": 218, "column": 48}},
      "218": {"start": {"line": 219, "column": 0}, "end": {"line": 219, "column": 48}},
      "219": {"start": {"line": 220, "column": 0}, "end": {"line": 220, "column": 3}},
      "221": {"start": {"line": 222, "column": 0}, "end": {"line": 222, "column": 3}},
      "222": {"start": {"line": 223, "column": 0}, "end": {"line": 223, "column": 30}},
      "223": {"start": {"line": 224, "column": 0}, "end": {"line": 224, "column": 2}},
      "224": {"start": {"line": 225, "column": 0}, "end": {"line": 225, "column": 32}},
      "225": {"start": {"line": 226, "column": 0}, "end": {"line": 226, "column": 43}},
      "226": {"start": {"line": 227, "column": 0}, "end": {"line": 227, "column": 63}},
      "227": {"start": {"line": 228, "column": 0}, "end": {"line": 228, "column": 85}},
      "228": {"start": {"line": 229, "column": 0}, "end": {"line": 229, "column": 3}},
      "230": {"start": {"line": 231, "column": 0}, "end": {"line": 231, "column": 3}},
      "231": {"start": {"line": 232, "column": 0}, "end": {"line": 232, "column": 32}},
      "232": {"start": {"line": 233, "column": 0}, "end": {"line": 233, "column": 2}},
      "233": {"start": {"line": 234, "column": 0}, "end": {"line": 234, "column": 33}},
      "234": {"start": {"line": 235, "column": 0}, "end": {"line": 235, "column": 57}},
      "235": {"start": {"line": 236, "column": 0}, "end": {"line": 236, "column": 64}},
      "236": {"start": {"line": 237, "column": 0}, "end": {"line": 237, "column": 3}},
      "238": {"start": {"line": 239, "column": 0}, "end": {"line": 239, "column": 3}},
      "239": {"start": {"line": 240, "column": 0}, "end": {"line": 240, "column": 41}},
      "240": {"start": {"line": 241, "column": 0}, "end": {"line": 241, "column": 2}},
      "241": {"start": {"line": 242, "column": 0}, "end": {"line": 242, "column": 35}},
      "242": {"start": {"line": 243, "column": 0}, "end": {"line": 243, "column": 50}},
      "243": {"start": {"line": 244, "column": 0}, "end": {"line": 244, "column": 63}},
      "244": {"start": {"line": 245, "column": 0}, "end": {"line": 245, "column": 3}},
      "246": {"start": {"line": 247, "column": 0}, "end": {"line": 247, "column": 3}},
      "247": {"start": {"line": 248, "column": 0}, "end": {"line": 248, "column": 25}},
      "248": {"start": {"line": 249, "column": 0}, "end": {"line": 249, "column": 2}},
      "249": {"start": {"line": 250, "column": 0}, "end": {"line": 250, "column": 36}},
      "250": {"start": {"line": 251, "column": 0}, "end": {"line": 251, "column": 57}},
      "251": {"start": {"line": 252, "column": 0}, "end": {"line": 252, "column": 48}},
      "252": {"start": {"line": 253, "column": 0}, "end": {"line": 253, "column": 52}},
      "253": {"start": {"line": 254, "column": 0}, "end": {"line": 254, "column": 77}},
      "254": {"start": {"line": 255, "column": 0}, "end": {"line": 255, "column": 85}},
      "255": {"start": {"line": 256, "column": 0}, "end": {"line": 256, "column": 3}},
      "257": {"start": {"line": 258, "column": 0}, "end": {"line": 258, "column": 3}},
      "258": {"start": {"line": 259, "column": 0}, "end": {"line": 259, "column": 59}},
      "259": {"start": {"line": 260, "column": 0}, "end": {"line": 260, "column": 2}},
      "260": {"start": {"line": 261, "column": 0}, "end": {"line": 261, "column": 43}},
      "261": {"start": {"line": 262, "column": 0}, "end": {"line": 262, "column": 134}},
      "262": {"start": {"line": 263, "column": 0}, "end": {"line": 263, "column": 92}},
      "263": {"start": {"line": 264, "column": 0}, "end": {"line": 264, "column": 210}},
      "264": {"start": {"line": 265, "column": 0}, "end": {"line": 265, "column": 209}},
      "265": {"start": {"line": 266, "column": 0}, "end": {"line": 266, "column": 252}},
      "266": {"start": {"line": 267, "column": 0}, "end": {"line": 267, "column": 89}},
      "267": {"start": {"line": 268, "column": 0}, "end": {"line": 268, "column": 93}},
      "268": {"start": {"line": 269, "column": 0}, "end": {"line": 269, "column": 152}},
      "269": {"start": {"line": 270, "column": 0}, "end": {"line": 270, "column": 109}},
      "270": {"start": {"line": 271, "column": 0}, "end": {"line": 271, "column": 115}},
      "271": {"start": {"line": 272, "column": 0}, "end": {"line": 272, "column": 95}},
      "272": {"start": {"line": 273, "column": 0}, "end": {"line": 273, "column": 3}},
      "274": {"start": {"line": 275, "column": 0}, "end": {"line": 275, "column": 3}},
      "275": {"start": {"line": 276, "column": 0}, "end": {"line": 276, "column": 38}},
      "276": {"start": {"line": 277, "column": 0}, "end": {"line": 277, "column": 35}},
      "277": {"start": {"line": 278, "column": 0}, "end": {"line": 278, "column": 3}},
      "278": {"start": {"line": 279, "column": 0}, "end": {"line": 279, "column": 23}},
      "279": {"start": {"line": 280, "column": 0}, "end": {"line": 280, "column": 28}},
      "280": {"start": {"line": 281, "column": 0}, "end": {"line": 281, "column": 19}},
      "281": {"start": {"line": 282, "column": 0}, "end": {"line": 282, "column": 126}},
      "282": {"start": {"line": 283, "column": 0}, "end": {"line": 283, "column": 72}},
      "283": {"start": {"line": 284, "column": 0}, "end": {"line": 284, "column": 79}},
      "284": {"start": {"line": 285, "column": 0}, "end": {"line": 285, "column": 46}},
      "286": {"start": {"line": 287, "column": 0}, "end": {"line": 287, "column": 62}},
      "287": {"start": {"line": 288, "column": 0}, "end": {"line": 288, "column": 40}},
      "288": {"start": {"line": 289, "column": 0}, "end": {"line": 289, "column": 105}},
      "289": {"start": {"line": 290, "column": 0}, "end": {"line": 290, "column": 103}},
      "290": {"start": {"line": 291, "column": 0}, "end": {"line": 291, "column": 62}},
      "291": {"start": {"line": 292, "column": 0}, "end": {"line": 292, "column": 124}},
      "292": {"start": {"line": 293, "column": 0}, "end": {"line": 293, "column": 73}},
      "293": {"start": {"line": 294, "column": 0}, "end": {"line": 294, "column": 51}},
      "294": {"start": {"line": 295, "column": 0}, "end": {"line": 295, "column": 67}},
      "295": {"start": {"line": 296, "column": 0}, "end": {"line": 296, "column": 20}},
      "296": {"start": {"line": 297, "column": 0}, "end": {"line": 297, "column": 52}},
      "297": {"start": {"line": 298, "column": 0}, "end": {"line": 298, "column": 13}},
      "298": {"start": {"line": 299, "column": 0}, "end": {"line": 299, "column": 9}},
      "299": {"start": {"line": 300, "column": 0}, "end": {"line": 300, "column": 6}},
      "300": {"start": {"line": 301, "column": 0}, "end": {"line": 301, "column": 3}}
    },
    "s": {
      "0": 1,
      "1": 1,
      "2": 1,
      "3": 1,
      "4": 1,
      "5": 1,
      "6": 1,
      "7": 35,
      "8": 5,
      "9": 5,
      "10": 35,
      "11": 2,
      "12": 2,
      "13": 35,
      "14": 18,
      "15": 59,
      "16": 50,
      "17": 50,
      "18": 18,
      "19": 18,
      "20": 18,
      "21": 35,
      "22": 35,
      "24": 1,
      "25": 1,
      "26": 1,
      "27": 1,
      "28": 1,
      "29": 1,
      "30": 1,
      "31": 1,
      "32": 14,
      "33": 14,
      "34": 14,
      "35": 14,
      "36": 14,
      "37": 14,
      "39": 14,
      "40": 81,
      "41": 81,
      "42": 10,
      "43": 10,
      "44": 10,
      "45": 81,
      "46": 5,
      "47": 81,
      "48": 47,
      "49": 47,
      "51": 71,
      "52": 81,
      "53": 81,
      "54": 1,
      "55": 1,
      "56": 81,
      "58": 14,
      "59": 14,
      "60": 9,
      "61": 9,
      "62": 9,
      "63": 14,
      "64": 14,
      "65": 13,
      "66": 13,
      "67": 13,
      "68": 14,
      "70": 14,
      "71": 14,
      "72": 14,
      "73": 14,
      "74": 14,
      "75": 14,
      "76": 14,
      "77": 14,
      "79": 1,
      "80": 1,
      "81": 1,
      "82": 1,
      "83": 1,
      "84": 1,
      "85": 1,
      "86": 1,
      "87": 1,
      "88": 1,
      "89": 12,
      "90": 12,
      "91": 12,
      "92": 12,
      "93": 12,
      "94": 12,
      "95": 12,
      "96": 12,
      "97": 12,
      "98": 12,
      "99": 12,
      "100": 12,
      "101": 12,
      "102": 12,
      "103": 12,
      "104": 12,
      "105": 12,
      "106": 12,
      "107": 12,
      "108": 12,
      "109": 12,
      "110": 12,
      "111": 12,
      "112": 12,
      "113": 12,
      "114": 12,
      "115": 12,
      "116": 12,
      "117": 12,
      "118": 12,
      "119": 12,
      "120": 12,
      "121": 12,
      "122": 12,
      "123": 12,
      "124": 12,
      "125": 12,
      "127": 12,
      "128": 12,
      "129": 12,
      "130": 12,
      "132": 12,
      "133": 12,
      "135": 1,
      "136": 1,
      "137": 1,
      "138": 1,
      "139": 1,
      "140": 1,
      "141": 7,
      "142": 7,
      "143": 7,
      "144": 7,
      "145": 7,
      "146": 7,
      "147": 7,
      "148": 7,
      "149": 7,
      "150": 7,
      "151": 7,
      "152": 7,
      "153": 7,
      "155": 7,
      "156": 7,
      "157": 7,
      "159": 1,
      "160": 1,
      "161": 1,
      "162": 1,
      "163": 1,
      "164": 1,
      "165": 1,
      "166": 11,
      "167": 11,
      "168": 11,
      "169": 5,
      "170": 3,
      "171": 3,
      "172": 11,
      "173": 11,
      "175": 1,
      "176": 1,
      "177": 1,
      "178": 1,
      "179": 1,
      "180": 1,
      "181": 1,
      "182": 1,
      "183": 1,
      "184": 1,
      "186": 1,
      "187": 1,
      "188": 1,
      "189": 1,
      "190": 1,
      "191": 1,
      "192": 1,
      "194": 1,
      "195": 1,
      "196": 1,
      "197": 1,
      "198": 1,
      "199": 1,
      "201": 1,
      "202": 1,
      "203": 1,
      "204": 1,
      "205": 1,
      "206": 1,
      "207": 1,
      "208": 1,
      "209": 1,
      "211": 1,
      "212": 1,
      "213": 1,
      "214": 1,
      "215": 1,
      "216": 1,
      "217": 1,
      "218": 1,
      "219": 1,
      "221": 1,
      "222": 1,
      "223": 1,
      "224": 1,
      "225": 1,
      "226": 1,
      "227": 1,
      "228": 1,
      "230": 1,
      "231": 1,
      "232": 1,
      "233": 1,
      "234": 1,
      "235": 1,
      "236": 1,
      "238": 1,
      "239": 1,
      "240": 1,
      "241": 1,
      "242": 1,
      "243": 1,
      "244": 1,
      "246": 1,
      "247": 1,
      "248": 1,
      "249": 1,
      "250": 1,
      "251": 1,
      "252": 1,
      "253": 1,
      "254": 1,
      "255": 1,
      "257": 1,
      "258": 1,
      "259": 1,
      "260": 1,
      "261": 1,
      "262": 1,
      "263": 1,
      "264": 1,
      "265": 1,
      "266": 1,
      "267": 1,
      "268": 1,
      "269": 1,
      "270": 1,
      "271": 1,
      "272": 1,
      "274": 1,
      "275": 1,
      "276": 1,
      "277": 1,
      "278": 1,
      "279": 5,
      "280": 5,
      "281": 4,
      "282": 4,
      "283": 4,
      "284": 4,
      "286": 4,
      "287": 8,
      "288": 8,
      "289": 8,
      "290": 8,
      "291": 8,
      "292": 8,
      "293": 8,
      "294": 0,
      "295": 8,
      "296": 8,
      "297": 8,
      "298": 8,
      "299": 5,
      "300": 1
    },
    "branchMap": {
      "0": {
        "type": "branch",
        "line": 7,
        "loc": {"start": {"line": 7, "column": 7}, "end": {"line": 23, "column": 1}},
        "locations": [{"start": {"line": 7, "column": 7}, "end": {"line": 23, "column": 1}}]
      },
      "1": {
        "type": "branch",
        "line": 8,
        "loc": {"start": {"line": 8, "column": 33}, "end": {"line": 8, "column": 63}},
        "locations": [{"start": {"line": 8, "column": 33}, "end": {"line": 8, "column": 63}}]
      },
      "2": {
        "type": "branch",
        "line": 8,
        "loc": {"start": {"line": 8, "column": 65}, "end": {"line": 10, "column": 5}},
        "locations": [{"start": {"line": 8, "column": 65}, "end": {"line": 10, "column": 5}}]
      },
      "3": {
        "type": "branch",
        "line": 11,
        "loc": {"start": {"line": 11, "column": 85}, "end": {"line": 13, "column": 5}},
        "locations": [{"start": {"line": 11, "column": 85}, "end": {"line": 13, "column": 5}}]
      },
      "4": {
        "type": "branch",
        "line": 14,
        "loc": {"start": {"line": 14, "column": 15}, "end": {"line": 14, "column": 39}},
        "locations": [{"start": {"line": 14, "column": 15}, "end": {"line": 14, "column": 39}}]
      },
      "5": {
        "type": "branch",
        "line": 14,
        "loc": {"start": {"line": 14, "column": 41}, "end": {"line": 21, "column": 5}},
        "locations": [{"start": {"line": 14, "column": 41}, "end": {"line": 21, "column": 5}}]
      },
      "6": {
        "type": "branch",
        "line": 15,
        "loc": {"start": {"line": 15, "column": 41}, "end": {"line": 19, "column": 9}},
        "locations": [{"start": {"line": 15, "column": 41}, "end": {"line": 19, "column": 9}}]
      },
      "7": {
        "type": "branch",
        "line": 16,
        "loc": {"start": {"line": 16, "column": 36}, "end": {"line": 16, "column": 47}},
        "locations": [{"start": {"line": 16, "column": 36}, "end": {"line": 16, "column": 47}}]
      },
      "8": {
        "type": "branch",
        "line": 16,
        "loc": {"start": {"line": 16, "column": 46}, "end": {"line": 19, "column": 8}},
        "locations": [{"start": {"line": 16, "column": 46}, "end": {"line": 19, "column": 8}}]
      },
      "9": {
        "type": "branch",
        "line": 20,
        "loc": {"start": {"line": 20, "column": 61}, "end": {"line": 20, "column": 87}},
        "locations": [{"start": {"line": 20, "column": 61}, "end": {"line": 20, "column": 87}}]
      },
      "10": {
        "type": "branch",
        "line": 32,
        "loc": {"start": {"line": 32, "column": 7}, "end": {"line": 78, "column": 1}},
        "locations": [{"start": {"line": 32, "column": 7}, "end": {"line": 78, "column": 1}}]
      },
      "11": {
        "type": "branch",
        "line": 40,
        "loc": {"start": {"line": 40, "column": 30}, "end": {"line": 57, "column": 5}},
        "locations": [{"start": {"line": 40, "column": 30}, "end": {"line": 57, "column": 5}}]
      },
      "12": {
        "type": "branch",
        "line": 42,
        "loc": {"start": {"line": 42, "column": 19}, "end": {"line": 45, "column": 9}},
        "locations": [{"start": {"line": 42, "column": 19}, "end": {"line": 45, "column": 9}}]
      },
      "13": {
        "type": "branch",
        "line": 45,
        "loc": {"start": {"line": 45, "column": 8}, "end": {"line": 46, "column": 33}},
        "locations": [{"start": {"line": 45, "column": 8}, "end": {"line": 46, "column": 33}}]
      },
      "14": {
        "type": "branch",
        "line": 46,
        "loc": {"start": {"line": 46, "column": 33}, "end": {"line": 48, "column": 9}},
        "locations": [{"start": {"line": 46, "column": 33}, "end": {"line": 48, "column": 9}}]
      },
      "15": {
        "type": "branch",
        "line": 48,
        "loc": {"start": {"line": 48, "column": 9}, "end": {"line": 50, "column": 9}},
        "locations": [{"start": {"line": 48, "column": 9}, "end": {"line": 50, "column": 9}}]
      },
      "16": {
        "type": "branch",
        "line": 48,
        "loc": {"start": {"line": 48, "column": 36}, "end": {"line": 50, "column": 9}},
        "locations": [{"start": {"line": 48, "column": 36}, "end": {"line": 50, "column": 9}}]
      },
      "17": {
        "type": "branch",
        "line": 50,
        "loc": {"start": {"line": 50, "column": 8}, "end": {"line": 53, "column": 25}},
        "locations": [{"start": {"line": 50, "column": 8}, "end": {"line": 53, "column": 25}}]
      },
      "18": {
        "type": "branch",
        "line": 53,
        "loc": {"start": {"line": 53, "column": 25}, "end": {"line": 53, "column": 33}},
        "locations": [{"start": {"line": 53, "column": 25}, "end": {"line": 53, "column": 33}}]
      },
      "19": {
        "type": "branch",
        "line": 53,
        "loc": {"start": {"line": 53, "column": 35}, "end": {"line": 53, "column": 60}},
        "locations": [{"start": {"line": 53, "column": 35}, "end": {"line": 53, "column": 60}}]
      },
      "20": {
        "type": "branch",
        "line": 53,
        "loc": {"start": {"line": 53, "column": 59}, "end": {"line": 54, "column": 48}},
        "locations": [{"start": {"line": 53, "column": 59}, "end": {"line": 54, "column": 48}}]
      },
      "21": {
        "type": "branch",
        "line": 54,
        "loc": {"start": {"line": 54, "column": 48}, "end": {"line": 56, "column": 9}},
        "locations": [{"start": {"line": 54, "column": 48}, "end": {"line": 56, "column": 9}}]
      },
      "22": {
        "type": "branch",
        "line": 59,
        "loc": {"start": {"line": 59, "column": 51}, "end": {"line": 59, "column": 76}},
        "locations": [{"start": {"line": 59, "column": 51}, "end": {"line": 59, "column": 76}}]
      },
      "23": {
        "type": "branch",
        "line": 60,
        "loc": {"start": {"line": 60, "column": 51}, "end": {"line": 64, "column": 5}},
        "locations": [{"start": {"line": 60, "column": 51}, "end": {"line": 64, "column": 5}}]
      },
      "24": {
        "type": "branch",
        "line": 62,
        "loc": {"start": {"line": 62, "column": 12}, "end": {"line": 62, "column": 36}},
        "locations": [{"start": {"line": 62, "column": 12}, "end": {"line": 62, "column": 36}}]
      },
      "25": {
        "type": "branch",
        "line": 63,
        "loc": {"start": {"line": 63, "column": 12}, "end": {"line": 63, "column": 58}},
        "locations": [{"start": {"line": 63, "column": 12}, "end": {"line": 63, "column": 58}}]
      },
      "26": {
        "type": "branch",
        "line": 63,
        "loc": {"start": {"line": 63, "column": 49}, "end": {"line": 63, "column": 58}},
        "locations": [{"start": {"line": 63, "column": 49}, "end": {"line": 63, "column": 58}}]
      },
      "27": {
        "type": "branch",
        "line": 65,
        "loc": {"start": {"line": 65, "column": 49}, "end": {"line": 69, "column": 5}},
        "locations": [{"start": {"line": 65, "column": 49}, "end": {"line": 69, "column": 5}}]
      },
      "28": {
        "type": "branch",
        "line": 68,
        "loc": {"start": {"line": 68, "column": 12}, "end": {"line": 68, "column": 64}},
        "locations": [{"start": {"line": 68, "column": 12}, "end": {"line": 68, "column": 64}}]
      },
      "29": {
        "type": "branch",
        "line": 89,
        "loc": {"start": {"line": 89, "column": 7}, "end": {"line": 134, "column": 1}},
        "locations": [{"start": {"line": 89, "column": 7}, "end": {"line": 134, "column": 1}}]
      },
      "30": {
        "type": "branch",
        "line": 115,
        "loc": {"start": {"line": 115, "column": 48}, "end": {"line": 115, "column": 57}},
        "locations": [{"start": {"line": 115, "column": 48}, "end": {"line": 115, "column": 57}}]
      },
      "31": {
        "type": "branch",
        "line": 115,
        "loc": {"start": {"line": 115, "column": 58}, "end": {"line": 115, "column": 85}},
        "locations": [{"start": {"line": 115, "column": 58}, "end": {"line": 115, "column": 85}}]
      },
      "32": {
        "type": "branch",
        "line": 115,
        "loc": {"start": {"line": 115, "column": 80}, "end": {"line": 115, "column": 85}},
        "locations": [{"start": {"line": 115, "column": 80}, "end": {"line": 115, "column": 85}}]
      },
      "33": {
        "type": "branch",
        "line": 117,
        "loc": {"start": {"line": 117, "column": 24}, "end": {"line": 117, "column": 58}},
        "locations": [{"start": {"line": 117, "column": 24}, "end": {"line": 117, "column": 58}}]
      },
      "34": {
        "type": "branch",
        "line": 118,
        "loc": {"start": {"line": 118, "column": 24}, "end": {"line": 118, "column": 76}},
        "locations": [{"start": {"line": 118, "column": 24}, "end": {"line": 118, "column": 76}}]
      },
      "35": {
        "type": "branch",
        "line": 118,
        "loc": {"start": {"line": 118, "column": 71}, "end": {"line": 118, "column": 76}},
        "locations": [{"start": {"line": 118, "column": 71}, "end": {"line": 118, "column": 76}}]
      },
      "36": {
        "type": "branch",
        "line": 141,
        "loc": {"start": {"line": 141, "column": 7}, "end": {"line": 158, "column": 1}},
        "locations": [{"start": {"line": 141, "column": 7}, "end": {"line": 158, "column": 1}}]
      },
      "37": {
        "type": "branch",
        "line": 157,
        "loc": {"start": {"line": 157, "column": 54}, "end": {"line": 157, "column": 59}},
        "locations": [{"start": {"line": 157, "column": 54}, "end": {"line": 157, "column": 59}}]
      },
      "38": {
        "type": "branch",
        "line": 166,
        "loc": {"start": {"line": 166, "column": 7}, "end": {"line": 174, "column": 1}},
        "locations": [{"start": {"line": 166, "column": 7}, "end": {"line": 174, "column": 1}}]
      },
      "39": {
        "type": "branch",
        "line": 169,
        "loc": {"start": {"line": 169, "column": 36}, "end": {"line": 173, "column": 5}},
        "locations": [{"start": {"line": 169, "column": 36}, "end": {"line": 173, "column": 5}}]
      },
      "40": {
        "type": "branch",
        "line": 170,
        "loc": {"start": {"line": 170, "column": 25}, "end": {"line": 172, "column": 9}},
        "locations": [{"start": {"line": 170, "column": 25}, "end": {"line": 172, "column": 9}}]
      },
      "41": {
        "type": "branch",
        "line": 279,
        "loc": {"start": {"line": 279, "column": 15}, "end": {"line": 301, "column": 2}},
        "locations": [{"start": {"line": 279, "column": 15}, "end": {"line": 301, "column": 2}}]
      },
      "42": {
        "type": "branch",
        "line": 281,
        "loc": {"start": {"line": 281, "column": 10}, "end": {"line": 300, "column": 5}},
        "locations": [{"start": {"line": 281, "column": 10}, "end": {"line": 300, "column": 5}}]
      },
      "43": {
        "type": "branch",
        "line": 287,
        "loc": {"start": {"line": 287, "column": 61}, "end": {"line": 299, "column": 9}},
        "locations": [{"start": {"line": 287, "column": 61}, "end": {"line": 299, "column": 9}}]
      },
      "44": {
        "type": "branch",
        "line": 294,
        "loc": {"start": {"line": 294, "column": 50}, "end": {"line": 296, "column": 13}},
        "locations": [{"start": {"line": 294, "column": 50}, "end": {"line": 296, "column": 13}}]
      }
    },
    "b": {
      "0": [35],
      "1": [38],
      "2": [5],
      "3": [2],
      "4": [18],
      "5": [18],
      "6": [59],
      "7": [9],
      "8": [50],
      "9": [59],
      "10": [14],
      "11": [81],
      "12": [10],
      "13": [71],
      "14": [5],
      "15": [66],
      "16": [47],
      "17": [71],
      "18": [63],
      "19": [46],
      "20": [71],
      "21": [1],
      "22": [8],
      "23": [9],
      "24": [8],
      "25": [1],
      "26": [0],
      "27": [13],
      "28": [0],
      "29": [12],
      "30": [11],
      "31": [1],
      "32": [0],
      "33": [11],
      "34": [1],
      "35": [0],
      "36": [7],
      "37": [4],
      "38": [11],
      "39": [5],
      "40": [3],
      "41": [5],
      "42": [4],
      "43": [8],
      "44": [0]
    },
    "fnMap": {
      "0": {
        "name": "trim",
        "decl": {"start": {"line": 7, "column": 7}, "end": {"line": 23, "column": 1}},
        "loc": {"start": {"line": 7, "column": 7}, "end": {"line": 23, "column": 1}},
        "line": 7
      },
      "1": {
        "name": "parseCodeBlock",
        "decl": {"start": {"line": 32, "column": 7}, "end": {"line": 78, "column": 1}},
        "loc": {"start": {"line": 32, "column": 7}, "end": {"line": 78, "column": 1}},
        "line": 32
      },
      "2": {
        "name": "createCompilerExplorerLink",
        "decl": {"start": {"line": 89, "column": 7}, "end": {"line": 134, "column": 1}},
        "loc": {"start": {"line": 89, "column": 7}, "end": {"line": 134, "column": 1}},
        "line": 89
      },
      "3": {
        "name": "initializeConfig",
        "decl": {"start": {"line": 141, "column": 7}, "end": {"line": 158, "column": 1}},
        "loc": {"start": {"line": 141, "column": 7}, "end": {"line": 158, "column": 1}},
        "line": 141
      },
      "4": {
        "name": "attachEventListeners",
        "decl": {"start": {"line": 166, "column": 7}, "end": {"line": 174, "column": 1}},
        "loc": {"start": {"line": 166, "column": 7}, "end": {"line": 174, "column": 1}},
        "line": 166
      },
      "5": {
        "name": "element.parentElement.onclick",
        "decl": {"start": {"line": 169, "column": 36}, "end": {"line": 173, "column": 5}},
        "loc": {"start": {"line": 169, "column": 36}, "end": {"line": 173, "column": 5}},
        "line": 169
      },
      "6": {
        "name": "__vite_ssr_export_default__",
        "decl": {"start": {"line": 279, "column": 15}, "end": {"line": 301, "column": 2}},
        "loc": {"start": {"line": 279, "column": 15}, "end": {"line": 301, "column": 2}},
        "line": 279
      },
      "7": {
        "name": "init",
        "decl": {"start": {"line": 281, "column": 10}, "end": {"line": 300, "column": 5}},
        "loc": {"start": {"line": 281, "column": 10}, "end": {"line": 300, "column": 5}},
        "line": 281
      }
    },
    "f": {"0": 35, "1": 14, "2": 12, "3": 7, "4": 11, "5": 5, "6": 5, "7": 4}
  }
}
